{
  "RSpec": {
    "coverage": {
      "/Users/willholt/projects/student_hw_tracker/app/models/user.rb": [
        1,
        null,
        null,
        1,
        null,
        1,
        1,
        1,
        1,
        1,
        1,
        null
      ],
      "/Users/willholt/projects/student_hw_tracker/app/helpers/application_helper.rb": [
        1,
        1,
        0,
        null,
        null,
        1,
        0,
        null,
        null,
        1,
        0,
        null,
        null
      ],
      "/Users/willholt/projects/student_hw_tracker/app/helpers/assignments_helper.rb": [
        1,
        null
      ],
      "/Users/willholt/projects/student_hw_tracker/app/helpers/home_helper.rb": [
        1,
        null
      ],
      "/Users/willholt/projects/student_hw_tracker/app/helpers/interfaces_helper.rb": [
        1,
        null
      ],
      "/Users/willholt/projects/student_hw_tracker/app/helpers/lessons_helper.rb": [
        1,
        null
      ],
      "/Users/willholt/projects/student_hw_tracker/app/helpers/links_helper.rb": [
        1,
        null
      ],
      "/Users/willholt/projects/student_hw_tracker/app/helpers/locations_helper.rb": [
        1,
        null
      ],
      "/Users/willholt/projects/student_hw_tracker/app/helpers/submissions_helper.rb": [
        1,
        1,
        1,
        null,
        null,
        1,
        1,
        1,
        0,
        0,
        0,
        0,
        null,
        null,
        null,
        1,
        0,
        0,
        0,
        0,
        null,
        0,
        0,
        0,
        null,
        null,
        null,
        0,
        0,
        0,
        0,
        0,
        0,
        null,
        null,
        null,
        null,
        null,
        null,
        null
      ],
      "/Users/willholt/projects/student_hw_tracker/app/helpers/users_helper.rb": [
        1,
        null
      ],
      "/Users/willholt/projects/student_hw_tracker/app/models/assignment.rb": [
        1,
        1,
        1,
        1,
        1,
        null
      ],
      "/Users/willholt/projects/student_hw_tracker/app/models/comment.rb": [
        1,
        1,
        1,
        1,
        null
      ],
      "/Users/willholt/projects/student_hw_tracker/app/models/lesson.rb": [
        1,
        1,
        1,
        null
      ],
      "/Users/willholt/projects/student_hw_tracker/app/models/link.rb": [
        1,
        1,
        null
      ],
      "/Users/willholt/projects/student_hw_tracker/app/models/location_lesson.rb": [
        1,
        1,
        1,
        1,
        1,
        null
      ],
      "/Users/willholt/projects/student_hw_tracker/app/models/location_lesson_user.rb": [
        1,
        1,
        1,
        null
      ],
      "/Users/willholt/projects/student_hw_tracker/app/models/location.rb": [
        1,
        1,
        1,
        null,
        null,
        1,
        null,
        null,
        null,
        null,
        null,
        null,
        null,
        null,
        null,
        null,
        null,
        null,
        null,
        null,
        null,
        null,
        null,
        null,
        null,
        null,
        null,
        null,
        null,
        null,
        null,
        null,
        null,
        null,
        null,
        null,
        null,
        null,
        null,
        null,
        null,
        null,
        null,
        null,
        null,
        null,
        null,
        null,
        null,
        null,
        null,
        null,
        null,
        null,
        null,
        null,
        null,
        null,
        null,
        null,
        null,
        null,
        null,
        null
      ],
      "/Users/willholt/projects/student_hw_tracker/app/models/submission.rb": [
        1,
        1,
        1,
        1,
        1,
        1,
        null,
        1,
        1,
        1,
        1,
        1,
        1,
        null,
        null,
        1,
        1,
        1,
        null,
        null,
        1,
        null,
        null,
        null
      ]
    },
    "timestamp": 1425249106
  }
}
